2024.09.30 13:57:12 INFO  Started: Metals version 1.3.5 in folders 'C:\Users\teo\Documents\scalafilerwin\Teos-repo\blockmolemapp' for client Visual Studio Code 1.93.1.
SLF4J(W): Class path contains multiple SLF4J providers.
SLF4J(W): Found provider [scribe.slf4j.ScribeServiceProvider@703d91f8]
SLF4J(W): Found provider [ch.qos.logback.classic.spi.LogbackServiceProvider@7b4a7fa7]
SLF4J(W): See https://www.slf4j.org/codes.html#multiple_bindings for an explanation.
SLF4J(I): Actual provider is of type [scribe.slf4j.ScribeServiceProvider@703d91f8]
2024.09.30 13:57:12 WARN  Flyway upgrade recommended: H2 2.3.230 is newer than this version of Flyway and support has not been tested. The latest supported version of H2 is 2.2.220.
2024.09.30 13:57:15 INFO  no build target found for C:\Users\teo\Documents\scalafilerwin\Teos-repo\blockmolemapp\blockmole.scala. Using presentation compiler with project's scala-library version: 3.3.3
2024.09.30 13:57:16 INFO  Running List(C:\Users\teo\AppData\Local\Coursier\data\bin\scala-cli.BAT, setup-ide, C:\Users\teo\Documents\scalafilerwin\Teos-repo\blockmolemapp)
2024.09.30 13:57:16 INFO  Attempting to connect to the build server...
2024.09.30 13:57:16 INFO  Running BSP server List(C:\Users\teo\AppData\Local\Coursier\data\bin\.scala-cli.aux.exe, bsp, --json-options, C:\Users\teo\Documents\scalafilerwin\Teos-repo\blockmolemapp\.scala-build\ide-options-v2.json, --json-launcher-options, C:\Users\teo\Documents\scalafilerwin\Teos-repo\blockmolemapp\.scala-build\ide-launcher-options.json, --envs-file, C:\Users\teo\Documents\scalafilerwin\Teos-repo\blockmolemapp\.scala-build\ide-envs.json, C:\Users\teo\Documents\scalafilerwin\Teos-repo\blockmolemapp)
2024.09.30 13:57:16 INFO  tracing is disabled for protocol BSP, to enable tracing of incoming and outgoing JSON messages create an empty file at C:\Users\teo\Documents\scalafilerwin\Teos-repo\blockmolemapp\.metals\bsp.trace.json or C:\Users\teo\AppData\Local\scalameta\metals\cache\bsp.trace.json
2024.09.30 13:57:18 INFO  BSP server: Downloading https://repo1.maven.org/maven2/se/lth/cs/introprog_3/1.4.0/introprog_3-1.4.0-sources.jar
2024.09.30 13:57:18 INFO  BSP server: Downloaded https://repo1.maven.org/maven2/se/lth/cs/introprog_3/1.4.0/introprog_3-1.4.0-sources.jar
2024.09.30 13:57:18 INFO  BSP server: Checking https://repo1.maven.org/maven2/se/lth/cs/introprog_3/
2024.09.30 13:57:18 INFO  BSP server: Checked https://repo1.maven.org/maven2/se/lth/cs/introprog_3/
2024.09.30 13:57:18 INFO  BSP server: Checking https://repo1.maven.org/maven2/se/lth/cs/introprog_3/maven-metadata.xml
2024.09.30 13:57:18 INFO  BSP server: Checked https://repo1.maven.org/maven2/se/lth/cs/introprog_3/maven-metadata.xml
2024.09.30 13:57:18 INFO  time: Connected to build server in 2.22s
2024.09.30 13:57:18 INFO  Connected to Build server: scala-cli v1.5.0
2024.09.30 13:57:19 INFO  time: Imported build in 0.16s
2024.09.30 13:57:19 INFO  running doctor check
2024.09.30 13:57:19 INFO  java targets: blockmolemapp_0af943064a, blockmolemapp_0af943064a-test
2024.09.30 13:57:19 INFO  compiling blockmolemapp_0af943064a (1 scala source)
2024.09.30 13:57:22 INFO  time: compiled blockmolemapp_0af943064a in 3.35s
2024.09.30 13:57:24 WARN  Flyway upgrade recommended: H2 2.3.230 is newer than this version of Flyway and support has not been tested. The latest supported version of H2 is 2.2.220.
2024.09.30 13:57:29 INFO  time: indexed workspace in 10s
2024.10.03 14:05:21 INFO  Shutting down server
2024.10.03 14:05:21 INFO  shutting down Metals
2024.10.03 14:05:21 INFO  Shut down connection with build server.
2024.10.03 14:05:21 INFO  Exiting server
2024.10.03 14:06:39 INFO  Started: Metals version 1.3.5 in folders 'C:\Users\teo\Documents\scalafilerwin\Teos-repo\blockmolemapp' for client Visual Studio Code 1.93.1.
SLF4J(W): Class path contains multiple SLF4J providers.
SLF4J(W): Found provider [scribe.slf4j.ScribeServiceProvider@7115d49b]
SLF4J(W): Found provider [ch.qos.logback.classic.spi.LogbackServiceProvider@70239523]
SLF4J(W): See https://www.slf4j.org/codes.html#multiple_bindings for an explanation.
SLF4J(I): Actual provider is of type [scribe.slf4j.ScribeServiceProvider@7115d49b]
2024.10.03 14:06:39 WARN  Flyway upgrade recommended: H2 2.3.230 is newer than this version of Flyway and support has not been tested. The latest supported version of H2 is 2.2.220.
2024.10.03 14:06:42 INFO  no build target found for C:\Users\teo\Documents\scalafilerwin\Teos-repo\blockmolemapp\blockmole.scala. Using presentation compiler with project's scala-library version: 3.3.3
2024.10.03 14:06:42 INFO  Attempting to connect to the build server...
2024.10.03 14:06:42 INFO  Running BSP server List(C:\Users\teo\AppData\Local\Coursier\data\bin\.scala-cli.aux.exe, bsp, --json-options, C:\Users\teo\Documents\scalafilerwin\Teos-repo\blockmolemapp\.scala-build\ide-options-v2.json, --json-launcher-options, C:\Users\teo\Documents\scalafilerwin\Teos-repo\blockmolemapp\.scala-build\ide-launcher-options.json, --envs-file, C:\Users\teo\Documents\scalafilerwin\Teos-repo\blockmolemapp\.scala-build\ide-envs.json, C:\Users\teo\Documents\scalafilerwin\Teos-repo\blockmolemapp)
2024.10.03 14:06:42 INFO  tracing is disabled for protocol BSP, to enable tracing of incoming and outgoing JSON messages create an empty file at C:\Users\teo\Documents\scalafilerwin\Teos-repo\blockmolemapp\.metals\bsp.trace.json or C:\Users\teo\AppData\Local\scalameta\metals\cache\bsp.trace.json
2024.10.03 14:06:43 INFO  BSP server: Checking https://repo1.maven.org/maven2/se/lth/cs/introprog_3/
2024.10.03 14:06:43 INFO  BSP server: Checked https://repo1.maven.org/maven2/se/lth/cs/introprog_3/
2024.10.03 14:06:43 INFO  BSP server: Checking https://repo1.maven.org/maven2/se/lth/cs/introprog_3/maven-metadata.xml
2024.10.03 14:06:43 INFO  BSP server: Checked https://repo1.maven.org/maven2/se/lth/cs/introprog_3/maven-metadata.xml
2024.10.03 14:06:43 INFO  time: Connected to build server in 1.49s
2024.10.03 14:06:43 INFO  Connected to Build server: scala-cli v1.5.0
2024.10.03 14:06:43 INFO  running doctor check
2024.10.03 14:06:43 INFO  java targets: blockmolemapp_0af943064a, blockmolemapp_0af943064a-test
2024.10.03 14:06:47 WARN  Flyway upgrade recommended: H2 2.3.230 is newer than this version of Flyway and support has not been tested. The latest supported version of H2 is 2.2.220.
2024.10.03 14:06:47 INFO  time: indexed workspace in 3.83s
2024.10.03 14:07:06 INFO  Shutting down server
2024.10.03 14:07:06 INFO  shutting down Metals
2024.10.03 14:07:06 INFO  Shut down connection with build server.
2024.10.03 14:07:06 INFO  BSP server: Oct 03, 2024 2:07:06 PM org.eclipse.lsp4j.jsonrpc.RemoteEndpoint handleNotification
2024.10.03 14:07:06 INFO  BSP server: WARNING: Notification threw an exception: {
2024.10.03 14:07:06 INFO  Exiting server
2024.10.03 14:29:34 INFO  Started: Metals version 1.3.5 in folders 'C:\Users\teo\Documents\scalafilerwin\Teos-repo\blockmolemapp' for client Visual Studio Code 1.93.1.
SLF4J(W): Class path contains multiple SLF4J providers.
SLF4J(W): Found provider [scribe.slf4j.ScribeServiceProvider@13fe3b8e]
SLF4J(W): Found provider [ch.qos.logback.classic.spi.LogbackServiceProvider@60448afa]
SLF4J(W): See https://www.slf4j.org/codes.html#multiple_bindings for an explanation.
SLF4J(I): Actual provider is of type [scribe.slf4j.ScribeServiceProvider@13fe3b8e]
2024.10.03 14:29:35 WARN  Flyway upgrade recommended: H2 2.3.230 is newer than this version of Flyway and support has not been tested. The latest supported version of H2 is 2.2.220.
2024.10.03 14:29:37 INFO  no build target found for C:\Users\teo\Documents\scalafilerwin\Teos-repo\blockmolemapp\blockmole.scala. Using presentation compiler with project's scala-library version: 3.3.3
2024.10.03 14:29:37 INFO  Attempting to connect to the build server...
2024.10.03 14:29:37 INFO  Running BSP server List(C:\Users\teo\AppData\Local\Coursier\data\bin\.scala-cli.aux.exe, bsp, --json-options, C:\Users\teo\Documents\scalafilerwin\Teos-repo\blockmolemapp\.scala-build\ide-options-v2.json, --json-launcher-options, C:\Users\teo\Documents\scalafilerwin\Teos-repo\blockmolemapp\.scala-build\ide-launcher-options.json, --envs-file, C:\Users\teo\Documents\scalafilerwin\Teos-repo\blockmolemapp\.scala-build\ide-envs.json, C:\Users\teo\Documents\scalafilerwin\Teos-repo\blockmolemapp)
2024.10.03 14:29:37 INFO  tracing is disabled for protocol BSP, to enable tracing of incoming and outgoing JSON messages create an empty file at C:\Users\teo\Documents\scalafilerwin\Teos-repo\blockmolemapp\.metals\bsp.trace.json or C:\Users\teo\AppData\Local\scalameta\metals\cache\bsp.trace.json
2024.10.03 14:29:38 INFO  time: Connected to build server in 1.29s
2024.10.03 14:29:38 INFO  Connected to Build server: scala-cli v1.5.0
2024.10.03 14:29:38 INFO  running doctor check
2024.10.03 14:29:38 INFO  java targets: blockmolemapp_0af943064a, blockmolemapp_0af943064a-test
2024.10.03 14:29:42 WARN  Flyway upgrade recommended: H2 2.3.230 is newer than this version of Flyway and support has not been tested. The latest supported version of H2 is 2.2.220.
2024.10.03 14:29:42 INFO  time: indexed workspace in 4s
2024.10.03 14:32:21 INFO  Shutting down server
2024.10.03 14:32:21 INFO  shutting down Metals
2024.10.03 14:32:21 INFO  Shut down connection with build server.
2024.10.03 14:32:21 INFO  BSP server: Oct 03, 2024 2:32:21 PM org.eclipse.lsp4j.jsonrpc.RemoteEndpoint handleNotification
2024.10.03 14:32:21 INFO  Exiting server
2024.10.03 14:34:31 INFO  Started: Metals version 1.3.5 in folders 'C:\Users\teo\Documents\scalafilerwin\Teos-repo\blockmolemapp' for client Visual Studio Code 1.93.1.
SLF4J(W): Class path contains multiple SLF4J providers.
SLF4J(W): Found provider [scribe.slf4j.ScribeServiceProvider@12d799d7]
SLF4J(W): Found provider [ch.qos.logback.classic.spi.LogbackServiceProvider@fb50deb]
SLF4J(W): See https://www.slf4j.org/codes.html#multiple_bindings for an explanation.
SLF4J(I): Actual provider is of type [scribe.slf4j.ScribeServiceProvider@12d799d7]
2024.10.03 14:34:31 WARN  Flyway upgrade recommended: H2 2.3.230 is newer than this version of Flyway and support has not been tested. The latest supported version of H2 is 2.2.220.
2024.10.03 14:34:33 INFO  no build target found for C:\Users\teo\Documents\scalafilerwin\Teos-repo\blockmolemapp\blockmole.scala. Using presentation compiler with project's scala-library version: 3.3.3
2024.10.03 14:34:33 INFO  Attempting to connect to the build server...
2024.10.03 14:34:33 INFO  Running BSP server List(C:\Users\teo\AppData\Local\Coursier\data\bin\.scala-cli.aux.exe, bsp, --json-options, C:\Users\teo\Documents\scalafilerwin\Teos-repo\blockmolemapp\.scala-build\ide-options-v2.json, --json-launcher-options, C:\Users\teo\Documents\scalafilerwin\Teos-repo\blockmolemapp\.scala-build\ide-launcher-options.json, --envs-file, C:\Users\teo\Documents\scalafilerwin\Teos-repo\blockmolemapp\.scala-build\ide-envs.json, C:\Users\teo\Documents\scalafilerwin\Teos-repo\blockmolemapp)
2024.10.03 14:34:34 INFO  tracing is disabled for protocol BSP, to enable tracing of incoming and outgoing JSON messages create an empty file at C:\Users\teo\Documents\scalafilerwin\Teos-repo\blockmolemapp\.metals\bsp.trace.json or C:\Users\teo\AppData\Local\scalameta\metals\cache\bsp.trace.json
2024.10.03 14:34:34 INFO  no build target found for C:\Users\teo\Documents\scalafilerwin\Teos-repo\blockmolemapp\blockmole.scala. Using presentation compiler with project's scala-library version: 3.3.3
Oct 03, 2024 2:34:34 PM org.eclipse.lsp4j.jsonrpc.RemoteEndpoint handleCancellation
WARNING: Unmatched cancel notification for request id 3
Oct 03, 2024 2:34:34 PM org.eclipse.lsp4j.jsonrpc.RemoteEndpoint handleCancellation
WARNING: Unmatched cancel notification for request id 2
2024.10.03 14:34:35 WARN  no build target for: C:\Users\teo\Documents\scalafilerwin\Teos-repo\blockmolemapp\blockmole.scala
2024.10.03 14:34:35 INFO  no build target found for C:\Users\teo\Documents\scalafilerwin\Teos-repo\blockmolemapp\blockmole.scala. Using presentation compiler with project's scala-library version: 3.3.3
2024.10.03 14:34:35 INFO  time: Connected to build server in 1.26s
2024.10.03 14:34:35 INFO  Connected to Build server: scala-cli v1.5.0
2024.10.03 14:34:38 INFO  running doctor check
2024.10.03 14:34:38 INFO  java targets: blockmolemapp_0af943064a, blockmolemapp_0af943064a-test
2024.10.03 14:34:41 WARN  Flyway upgrade recommended: H2 2.3.230 is newer than this version of Flyway and support has not been tested. The latest supported version of H2 is 2.2.220.
2024.10.03 14:34:41 INFO  time: indexed workspace in 6.95s
2024.10.03 14:35:03 INFO  Shutting down server
2024.10.03 14:35:03 INFO  shutting down Metals
2024.10.03 14:35:03 INFO  Shut down connection with build server.
2024.10.03 14:35:03 INFO  BSP server: Oct 03, 2024 2:35:03 PM org.eclipse.lsp4j.jsonrpc.RemoteEndpoint handleNotification
2024.10.03 14:35:03 INFO  Exiting server
2024.10.03 14:35:48 INFO  Started: Metals version 1.3.5 in folders 'C:\Users\teo\Documents\scalafilerwin\Teos-repo\blockmolemapp' for client Visual Studio Code 1.93.1.
SLF4J(W): Class path contains multiple SLF4J providers.
SLF4J(W): Found provider [scribe.slf4j.ScribeServiceProvider@62f55e76]
SLF4J(W): Found provider [ch.qos.logback.classic.spi.LogbackServiceProvider@22747872]
SLF4J(W): See https://www.slf4j.org/codes.html#multiple_bindings for an explanation.
SLF4J(I): Actual provider is of type [scribe.slf4j.ScribeServiceProvider@62f55e76]
2024.10.03 14:35:48 WARN  Flyway upgrade recommended: H2 2.3.230 is newer than this version of Flyway and support has not been tested. The latest supported version of H2 is 2.2.220.
2024.10.03 14:35:51 INFO  no build target found for C:\Users\teo\Documents\scalafilerwin\Teos-repo\blockmolemapp\blockmole.scala. Using presentation compiler with project's scala-library version: 3.3.3
2024.10.03 14:35:51 INFO  Attempting to connect to the build server...
2024.10.03 14:35:51 INFO  Running BSP server List(C:\Users\teo\AppData\Local\Coursier\data\bin\.scala-cli.aux.exe, bsp, --json-options, C:\Users\teo\Documents\scalafilerwin\Teos-repo\blockmolemapp\.scala-build\ide-options-v2.json, --json-launcher-options, C:\Users\teo\Documents\scalafilerwin\Teos-repo\blockmolemapp\.scala-build\ide-launcher-options.json, --envs-file, C:\Users\teo\Documents\scalafilerwin\Teos-repo\blockmolemapp\.scala-build\ide-envs.json, C:\Users\teo\Documents\scalafilerwin\Teos-repo\blockmolemapp)
2024.10.03 14:35:51 INFO  tracing is disabled for protocol BSP, to enable tracing of incoming and outgoing JSON messages create an empty file at C:\Users\teo\Documents\scalafilerwin\Teos-repo\blockmolemapp\.metals\bsp.trace.json or C:\Users\teo\AppData\Local\scalameta\metals\cache\bsp.trace.json
2024.10.03 14:35:52 INFO  time: Connected to build server in 1.3s
2024.10.03 14:35:52 INFO  Connected to Build server: scala-cli v1.5.0
2024.10.03 14:35:52 INFO  running doctor check
2024.10.03 14:35:52 INFO  java targets: blockmolemapp_0af943064a, blockmolemapp_0af943064a-test
2024.10.03 14:35:56 WARN  Flyway upgrade recommended: H2 2.3.230 is newer than this version of Flyway and support has not been tested. The latest supported version of H2 is 2.2.220.
2024.10.03 14:35:56 INFO  time: indexed workspace in 4.1s
2024.10.03 14:36:47 INFO  Shutting down server
2024.10.03 14:36:47 INFO  shutting down Metals
2024.10.03 14:36:47 INFO  Shut down connection with build server.
2024.10.03 14:36:47 INFO  Exiting server
